<?xml version="1.0" encoding="UTF-8"?>
<testsuite name="ru.dataart.academy.java.LongestSubstringTest" tests="1" skipped="0" failures="0" errors="0" timestamp="2021-10-10T17:49:11" hostname="MacBook-Air-Anton.local" time="0.002">
  <properties/>
  <testcase name="test()" classname="ru.dataart.academy.java.LongestSubstringTest" time="0.002"/>
  <system-out><![CDATA[]]></system-out>
  <system-err><![CDATA[]]></system-err>
</testsuite>
